<?xml version="1.0" encoding="UTF-8"?>
<testsuite xmlns:xsi="http://www.w3.org/2001/XMLSchema-instance" xsi:noNamespaceSchemaLocation="https://maven.apache.org/surefire/maven-surefire-plugin/xsd/surefire-test-report.xsd" name="runners.TestRunner" time="10.004" tests="2" errors="0" skipped="0" failures="0">
  <properties>
    <property name="java.specification.version" value="15"/>
    <property name="sun.jnu.encoding" value="UTF-8"/>
    <property name="java.class.path" value="/Users/ryankenny/Documents/AutomationFrameworks/CucumberFramework/target/test-classes:/Users/ryankenny/Documents/AutomationFrameworks/CucumberFramework/target/classes:/Users/ryankenny/.m2/repository/junit/junit/4.12/junit-4.12.jar:/Users/ryankenny/.m2/repository/org/hamcrest/hamcrest-core/1.3/hamcrest-core-1.3.jar:/Users/ryankenny/.m2/repository/org/seleniumhq/selenium/selenium-java/4.0.0-alpha-7/selenium-java-4.0.0-alpha-7.jar:/Users/ryankenny/.m2/repository/org/seleniumhq/selenium/selenium-api/4.0.0-alpha-7/selenium-api-4.0.0-alpha-7.jar:/Users/ryankenny/.m2/repository/org/seleniumhq/selenium/selenium-chrome-driver/4.0.0-alpha-7/selenium-chrome-driver-4.0.0-alpha-7.jar:/Users/ryankenny/.m2/repository/com/google/auto/service/auto-service-annotations/1.0-rc7/auto-service-annotations-1.0-rc7.jar:/Users/ryankenny/.m2/repository/com/google/auto/service/auto-service/1.0-rc7/auto-service-1.0-rc7.jar:/Users/ryankenny/.m2/repository/com/google/auto/auto-common/0.10/auto-common-0.10.jar:/Users/ryankenny/.m2/repository/com/google/guava/guava/30.0-jre/guava-30.0-jre.jar:/Users/ryankenny/.m2/repository/com/google/guava/failureaccess/1.0.1/failureaccess-1.0.1.jar:/Users/ryankenny/.m2/repository/com/google/guava/listenablefuture/9999.0-empty-to-avoid-conflict-with-guava/listenablefuture-9999.0-empty-to-avoid-conflict-with-guava.jar:/Users/ryankenny/.m2/repository/com/google/code/findbugs/jsr305/3.0.2/jsr305-3.0.2.jar:/Users/ryankenny/.m2/repository/org/checkerframework/checker-qual/3.5.0/checker-qual-3.5.0.jar:/Users/ryankenny/.m2/repository/com/google/errorprone/error_prone_annotations/2.3.4/error_prone_annotations-2.3.4.jar:/Users/ryankenny/.m2/repository/com/google/j2objc/j2objc-annotations/1.3/j2objc-annotations-1.3.jar:/Users/ryankenny/.m2/repository/org/seleniumhq/selenium/selenium-chromium-driver/4.0.0-alpha-7/selenium-chromium-driver-4.0.0-alpha-7.jar:/Users/ryankenny/.m2/repository/org/seleniumhq/selenium/selenium-devtools/4.0.0-alpha-7/selenium-devtools-4.0.0-alpha-7.jar:/Users/ryankenny/.m2/repository/org/seleniumhq/selenium/selenium-http/4.0.0-alpha-7/selenium-http-4.0.0-alpha-7.jar:/Users/ryankenny/.m2/repository/org/seleniumhq/selenium/selenium-json/4.0.0-alpha-7/selenium-json-4.0.0-alpha-7.jar:/Users/ryankenny/.m2/repository/org/seleniumhq/selenium/selenium-devtools-v84/4.0.0-alpha-7/selenium-devtools-v84-4.0.0-alpha-7.jar:/Users/ryankenny/.m2/repository/org/seleniumhq/selenium/selenium-devtools-v85/4.0.0-alpha-7/selenium-devtools-v85-4.0.0-alpha-7.jar:/Users/ryankenny/.m2/repository/org/seleniumhq/selenium/selenium-devtools-v86/4.0.0-alpha-7/selenium-devtools-v86-4.0.0-alpha-7.jar:/Users/ryankenny/.m2/repository/org/seleniumhq/selenium/selenium-devtools-v87/4.0.0-alpha-7/selenium-devtools-v87-4.0.0-alpha-7.jar:/Users/ryankenny/.m2/repository/org/seleniumhq/selenium/selenium-edge-driver/4.0.0-alpha-7/selenium-edge-driver-4.0.0-alpha-7.jar:/Users/ryankenny/.m2/repository/org/seleniumhq/selenium/selenium-edgehtml-driver/4.0.0-alpha-7/selenium-edgehtml-driver-4.0.0-alpha-7.jar:/Users/ryankenny/.m2/repository/org/seleniumhq/selenium/selenium-firefox-driver/4.0.0-alpha-7/selenium-firefox-driver-4.0.0-alpha-7.jar:/Users/ryankenny/.m2/repository/org/seleniumhq/selenium/selenium-firefox-xpi-driver/4.0.0-alpha-7/selenium-firefox-xpi-driver-4.0.0-alpha-7.jar:/Users/ryankenny/.m2/repository/org/seleniumhq/selenium/selenium-ie-driver/4.0.0-alpha-7/selenium-ie-driver-4.0.0-alpha-7.jar:/Users/ryankenny/.m2/repository/org/seleniumhq/selenium/selenium-opera-driver/4.0.0-alpha-7/selenium-opera-driver-4.0.0-alpha-7.jar:/Users/ryankenny/.m2/repository/org/seleniumhq/selenium/selenium-remote-driver/4.0.0-alpha-7/selenium-remote-driver-4.0.0-alpha-7.jar:/Users/ryankenny/.m2/repository/com/typesafe/netty/netty-reactive-streams/2.0.4/netty-reactive-streams-2.0.4.jar:/Users/ryankenny/.m2/repository/io/netty/netty-handler/4.1.43.Final/netty-handler-4.1.43.Final.jar:/Users/ryankenny/.m2/repository/org/reactivestreams/reactive-streams/1.0.3/reactive-streams-1.0.3.jar:/Users/ryankenny/.m2/repository/io/grpc/grpc-context/1.32.1/grpc-context-1.32.1.jar:/Users/ryankenny/.m2/repository/io/netty/netty-buffer/4.1.53.Final/netty-buffer-4.1.53.Final.jar:/Users/ryankenny/.m2/repository/io/netty/netty-codec-http/4.1.53.Final/netty-codec-http-4.1.53.Final.jar:/Users/ryankenny/.m2/repository/io/netty/netty-codec/4.1.53.Final/netty-codec-4.1.53.Final.jar:/Users/ryankenny/.m2/repository/io/netty/netty-common/4.1.53.Final/netty-common-4.1.53.Final.jar:/Users/ryankenny/.m2/repository/io/netty/netty-transport-native-epoll/4.1.53.Final/netty-transport-native-epoll-4.1.53.Final.jar:/Users/ryankenny/.m2/repository/io/netty/netty-transport-native-epoll/4.1.53.Final/netty-transport-native-epoll-4.1.53.Final-linux-x86_64.jar:/Users/ryankenny/.m2/repository/io/netty/netty-transport-native-kqueue/4.1.53.Final/netty-transport-native-kqueue-4.1.53.Final.jar:/Users/ryankenny/.m2/repository/io/netty/netty-transport-native-kqueue/4.1.53.Final/netty-transport-native-kqueue-4.1.53.Final-osx-x86_64.jar:/Users/ryankenny/.m2/repository/io/netty/netty-transport-native-unix-common/4.1.53.Final/netty-transport-native-unix-common-4.1.53.Final.jar:/Users/ryankenny/.m2/repository/io/netty/netty-transport/4.1.53.Final/netty-transport-4.1.53.Final.jar:/Users/ryankenny/.m2/repository/io/netty/netty-resolver/4.1.53.Final/netty-resolver-4.1.53.Final.jar:/Users/ryankenny/.m2/repository/io/opentelemetry/opentelemetry-api/0.9.1/opentelemetry-api-0.9.1.jar:/Users/ryankenny/.m2/repository/io/opentelemetry/opentelemetry-context-prop/0.9.1/opentelemetry-context-prop-0.9.1.jar:/Users/ryankenny/.m2/repository/io/opentelemetry/opentelemetry-sdk/0.9.1/opentelemetry-sdk-0.9.1.jar:/Users/ryankenny/.m2/repository/io/opentelemetry/opentelemetry-sdk-common/0.9.1/opentelemetry-sdk-common-0.9.1.jar:/Users/ryankenny/.m2/repository/io/opentelemetry/opentelemetry-sdk-baggage/0.9.1/opentelemetry-sdk-baggage-0.9.1.jar:/Users/ryankenny/.m2/repository/io/opentelemetry/opentelemetry-sdk-metrics/0.9.1/opentelemetry-sdk-metrics-0.9.1.jar:/Users/ryankenny/.m2/repository/io/opentelemetry/opentelemetry-sdk-tracing/0.9.1/opentelemetry-sdk-tracing-0.9.1.jar:/Users/ryankenny/.m2/repository/io/projectreactor/netty/reactor-netty-http/1.0.0/reactor-netty-http-1.0.0.jar:/Users/ryankenny/.m2/repository/io/netty/netty-codec-http2/4.1.53.Final/netty-codec-http2-4.1.53.Final.jar:/Users/ryankenny/.m2/repository/io/netty/netty-resolver-dns/4.1.53.Final/netty-resolver-dns-4.1.53.Final.jar:/Users/ryankenny/.m2/repository/io/netty/netty-codec-dns/4.1.53.Final/netty-codec-dns-4.1.53.Final.jar:/Users/ryankenny/.m2/repository/io/projectreactor/netty/reactor-netty-core/1.0.0/reactor-netty-core-1.0.0.jar:/Users/ryankenny/.m2/repository/io/projectreactor/netty/reactor-netty/1.0.0/reactor-netty-1.0.0.jar:/Users/ryankenny/.m2/repository/io/projectreactor/netty/reactor-netty-http-brave/1.0.0/reactor-netty-http-brave-1.0.0.jar:/Users/ryankenny/.m2/repository/io/zipkin/brave/brave-instrumentation-http/5.12.7/brave-instrumentation-http-5.12.7.jar:/Users/ryankenny/.m2/repository/io/zipkin/brave/brave/5.12.7/brave-5.12.7.jar:/Users/ryankenny/.m2/repository/io/zipkin/reporter2/zipkin-reporter-brave/2.15.2/zipkin-reporter-brave-2.15.2.jar:/Users/ryankenny/.m2/repository/io/zipkin/reporter2/zipkin-reporter/2.15.2/zipkin-reporter-2.15.2.jar:/Users/ryankenny/.m2/repository/io/zipkin/zipkin2/zipkin/2.21.7/zipkin-2.21.7.jar:/Users/ryankenny/.m2/repository/io/projectreactor/reactor-core/3.4.0/reactor-core-3.4.0.jar:/Users/ryankenny/.m2/repository/net/bytebuddy/byte-buddy/1.10.18/byte-buddy-1.10.18.jar:/Users/ryankenny/.m2/repository/org/apache/commons/commons-exec/1.3/commons-exec-1.3.jar:/Users/ryankenny/.m2/repository/org/asynchttpclient/async-http-client/2.12.1/async-http-client-2.12.1.jar:/Users/ryankenny/.m2/repository/org/asynchttpclient/async-http-client-netty-utils/2.12.1/async-http-client-netty-utils-2.12.1.jar:/Users/ryankenny/.m2/repository/io/netty/netty-codec-socks/4.1.48.Final/netty-codec-socks-4.1.48.Final.jar:/Users/ryankenny/.m2/repository/io/netty/netty-handler-proxy/4.1.48.Final/netty-handler-proxy-4.1.48.Final.jar:/Users/ryankenny/.m2/repository/org/slf4j/slf4j-api/1.7.30/slf4j-api-1.7.30.jar:/Users/ryankenny/.m2/repository/com/sun/activation/javax.activation/1.2.0/javax.activation-1.2.0.jar:/Users/ryankenny/.m2/repository/org/seleniumhq/selenium/selenium-safari-driver/4.0.0-alpha-7/selenium-safari-driver-4.0.0-alpha-7.jar:/Users/ryankenny/.m2/repository/org/seleniumhq/selenium/selenium-support/4.0.0-alpha-7/selenium-support-4.0.0-alpha-7.jar:/Users/ryankenny/.m2/repository/io/cucumber/cucumber-java/6.8.2/cucumber-java-6.8.2.jar:/Users/ryankenny/.m2/repository/io/cucumber/cucumber-core/6.8.2/cucumber-core-6.8.2.jar:/Users/ryankenny/.m2/repository/io/cucumber/cucumber-gherkin/6.8.2/cucumber-gherkin-6.8.2.jar:/Users/ryankenny/.m2/repository/io/cucumber/cucumber-gherkin-messages/6.8.2/cucumber-gherkin-messages-6.8.2.jar:/Users/ryankenny/.m2/repository/io/cucumber/messages/13.1.0/messages-13.1.0.jar:/Users/ryankenny/.m2/repository/io/cucumber/tag-expressions/3.0.0/tag-expressions-3.0.0.jar:/Users/ryankenny/.m2/repository/io/cucumber/cucumber-expressions/10.3.0/cucumber-expressions-10.3.0.jar:/Users/ryankenny/.m2/repository/io/cucumber/datatable/3.5.0/datatable-3.5.0.jar:/Users/ryankenny/.m2/repository/io/cucumber/cucumber-plugin/6.8.2/cucumber-plugin-6.8.2.jar:/Users/ryankenny/.m2/repository/io/cucumber/docstring/6.8.2/docstring-6.8.2.jar:/Users/ryankenny/.m2/repository/io/cucumber/html-formatter/9.0.0/html-formatter-9.0.0.jar:/Users/ryankenny/.m2/repository/io/cucumber/create-meta/2.0.4/create-meta-2.0.4.jar:/Users/ryankenny/.m2/repository/org/apiguardian/apiguardian-api/1.1.0/apiguardian-api-1.1.0.jar:/Users/ryankenny/.m2/repository/io/cucumber/cucumber-jvm-deps/1.0.6/cucumber-jvm-deps-1.0.6.jar:/Users/ryankenny/.m2/repository/io/cucumber/cucumber-junit/6.8.2/cucumber-junit-6.8.2.jar:/Users/ryankenny/.m2/repository/com/google/code/gson/gson/2.8.6/gson-2.8.6.jar:/Users/ryankenny/.m2/repository/io/cucumber/cucumber-picocontainer/6.8.2/cucumber-picocontainer-6.8.2.jar:/Users/ryankenny/.m2/repository/org/picocontainer/picocontainer/2.15/picocontainer-2.15.jar:"/>
    <property name="java.vm.vendor" value="Oracle Corporation"/>
    <property name="sun.arch.data.model" value="64"/>
    <property name="java.vendor.url" value="https://openjdk.java.net/"/>
    <property name="os.name" value="Mac OS X"/>
    <property name="java.vm.specification.version" value="15"/>
    <property name="sun.java.launcher" value="SUN_STANDARD"/>
    <property name="user.country" value="GB"/>
    <property name="sun.boot.library.path" value="/usr/local/Cellar/openjdk/15.0.1/libexec/openjdk.jdk/Contents/Home/lib"/>
    <property name="sun.java.command" value="/Users/ryankenny/Documents/AutomationFrameworks/CucumberFramework/target/surefire/surefirebooter7144053422377619706.jar /Users/ryankenny/Documents/AutomationFrameworks/CucumberFramework/target/surefire 2020-12-08T21-12-32_746-jvmRun1 surefire3905386933753608789tmp surefire_013302205565418303028tmp"/>
    <property name="http.nonProxyHosts" value="local|*.local|169.254/16|*.169.254/16"/>
    <property name="jdk.debug" value="release"/>
    <property name="surefire.test.class.path" value="/Users/ryankenny/Documents/AutomationFrameworks/CucumberFramework/target/test-classes:/Users/ryankenny/Documents/AutomationFrameworks/CucumberFramework/target/classes:/Users/ryankenny/.m2/repository/junit/junit/4.12/junit-4.12.jar:/Users/ryankenny/.m2/repository/org/hamcrest/hamcrest-core/1.3/hamcrest-core-1.3.jar:/Users/ryankenny/.m2/repository/org/seleniumhq/selenium/selenium-java/4.0.0-alpha-7/selenium-java-4.0.0-alpha-7.jar:/Users/ryankenny/.m2/repository/org/seleniumhq/selenium/selenium-api/4.0.0-alpha-7/selenium-api-4.0.0-alpha-7.jar:/Users/ryankenny/.m2/repository/org/seleniumhq/selenium/selenium-chrome-driver/4.0.0-alpha-7/selenium-chrome-driver-4.0.0-alpha-7.jar:/Users/ryankenny/.m2/repository/com/google/auto/service/auto-service-annotations/1.0-rc7/auto-service-annotations-1.0-rc7.jar:/Users/ryankenny/.m2/repository/com/google/auto/service/auto-service/1.0-rc7/auto-service-1.0-rc7.jar:/Users/ryankenny/.m2/repository/com/google/auto/auto-common/0.10/auto-common-0.10.jar:/Users/ryankenny/.m2/repository/com/google/guava/guava/30.0-jre/guava-30.0-jre.jar:/Users/ryankenny/.m2/repository/com/google/guava/failureaccess/1.0.1/failureaccess-1.0.1.jar:/Users/ryankenny/.m2/repository/com/google/guava/listenablefuture/9999.0-empty-to-avoid-conflict-with-guava/listenablefuture-9999.0-empty-to-avoid-conflict-with-guava.jar:/Users/ryankenny/.m2/repository/com/google/code/findbugs/jsr305/3.0.2/jsr305-3.0.2.jar:/Users/ryankenny/.m2/repository/org/checkerframework/checker-qual/3.5.0/checker-qual-3.5.0.jar:/Users/ryankenny/.m2/repository/com/google/errorprone/error_prone_annotations/2.3.4/error_prone_annotations-2.3.4.jar:/Users/ryankenny/.m2/repository/com/google/j2objc/j2objc-annotations/1.3/j2objc-annotations-1.3.jar:/Users/ryankenny/.m2/repository/org/seleniumhq/selenium/selenium-chromium-driver/4.0.0-alpha-7/selenium-chromium-driver-4.0.0-alpha-7.jar:/Users/ryankenny/.m2/repository/org/seleniumhq/selenium/selenium-devtools/4.0.0-alpha-7/selenium-devtools-4.0.0-alpha-7.jar:/Users/ryankenny/.m2/repository/org/seleniumhq/selenium/selenium-http/4.0.0-alpha-7/selenium-http-4.0.0-alpha-7.jar:/Users/ryankenny/.m2/repository/org/seleniumhq/selenium/selenium-json/4.0.0-alpha-7/selenium-json-4.0.0-alpha-7.jar:/Users/ryankenny/.m2/repository/org/seleniumhq/selenium/selenium-devtools-v84/4.0.0-alpha-7/selenium-devtools-v84-4.0.0-alpha-7.jar:/Users/ryankenny/.m2/repository/org/seleniumhq/selenium/selenium-devtools-v85/4.0.0-alpha-7/selenium-devtools-v85-4.0.0-alpha-7.jar:/Users/ryankenny/.m2/repository/org/seleniumhq/selenium/selenium-devtools-v86/4.0.0-alpha-7/selenium-devtools-v86-4.0.0-alpha-7.jar:/Users/ryankenny/.m2/repository/org/seleniumhq/selenium/selenium-devtools-v87/4.0.0-alpha-7/selenium-devtools-v87-4.0.0-alpha-7.jar:/Users/ryankenny/.m2/repository/org/seleniumhq/selenium/selenium-edge-driver/4.0.0-alpha-7/selenium-edge-driver-4.0.0-alpha-7.jar:/Users/ryankenny/.m2/repository/org/seleniumhq/selenium/selenium-edgehtml-driver/4.0.0-alpha-7/selenium-edgehtml-driver-4.0.0-alpha-7.jar:/Users/ryankenny/.m2/repository/org/seleniumhq/selenium/selenium-firefox-driver/4.0.0-alpha-7/selenium-firefox-driver-4.0.0-alpha-7.jar:/Users/ryankenny/.m2/repository/org/seleniumhq/selenium/selenium-firefox-xpi-driver/4.0.0-alpha-7/selenium-firefox-xpi-driver-4.0.0-alpha-7.jar:/Users/ryankenny/.m2/repository/org/seleniumhq/selenium/selenium-ie-driver/4.0.0-alpha-7/selenium-ie-driver-4.0.0-alpha-7.jar:/Users/ryankenny/.m2/repository/org/seleniumhq/selenium/selenium-opera-driver/4.0.0-alpha-7/selenium-opera-driver-4.0.0-alpha-7.jar:/Users/ryankenny/.m2/repository/org/seleniumhq/selenium/selenium-remote-driver/4.0.0-alpha-7/selenium-remote-driver-4.0.0-alpha-7.jar:/Users/ryankenny/.m2/repository/com/typesafe/netty/netty-reactive-streams/2.0.4/netty-reactive-streams-2.0.4.jar:/Users/ryankenny/.m2/repository/io/netty/netty-handler/4.1.43.Final/netty-handler-4.1.43.Final.jar:/Users/ryankenny/.m2/repository/org/reactivestreams/reactive-streams/1.0.3/reactive-streams-1.0.3.jar:/Users/ryankenny/.m2/repository/io/grpc/grpc-context/1.32.1/grpc-context-1.32.1.jar:/Users/ryankenny/.m2/repository/io/netty/netty-buffer/4.1.53.Final/netty-buffer-4.1.53.Final.jar:/Users/ryankenny/.m2/repository/io/netty/netty-codec-http/4.1.53.Final/netty-codec-http-4.1.53.Final.jar:/Users/ryankenny/.m2/repository/io/netty/netty-codec/4.1.53.Final/netty-codec-4.1.53.Final.jar:/Users/ryankenny/.m2/repository/io/netty/netty-common/4.1.53.Final/netty-common-4.1.53.Final.jar:/Users/ryankenny/.m2/repository/io/netty/netty-transport-native-epoll/4.1.53.Final/netty-transport-native-epoll-4.1.53.Final.jar:/Users/ryankenny/.m2/repository/io/netty/netty-transport-native-epoll/4.1.53.Final/netty-transport-native-epoll-4.1.53.Final-linux-x86_64.jar:/Users/ryankenny/.m2/repository/io/netty/netty-transport-native-kqueue/4.1.53.Final/netty-transport-native-kqueue-4.1.53.Final.jar:/Users/ryankenny/.m2/repository/io/netty/netty-transport-native-kqueue/4.1.53.Final/netty-transport-native-kqueue-4.1.53.Final-osx-x86_64.jar:/Users/ryankenny/.m2/repository/io/netty/netty-transport-native-unix-common/4.1.53.Final/netty-transport-native-unix-common-4.1.53.Final.jar:/Users/ryankenny/.m2/repository/io/netty/netty-transport/4.1.53.Final/netty-transport-4.1.53.Final.jar:/Users/ryankenny/.m2/repository/io/netty/netty-resolver/4.1.53.Final/netty-resolver-4.1.53.Final.jar:/Users/ryankenny/.m2/repository/io/opentelemetry/opentelemetry-api/0.9.1/opentelemetry-api-0.9.1.jar:/Users/ryankenny/.m2/repository/io/opentelemetry/opentelemetry-context-prop/0.9.1/opentelemetry-context-prop-0.9.1.jar:/Users/ryankenny/.m2/repository/io/opentelemetry/opentelemetry-sdk/0.9.1/opentelemetry-sdk-0.9.1.jar:/Users/ryankenny/.m2/repository/io/opentelemetry/opentelemetry-sdk-common/0.9.1/opentelemetry-sdk-common-0.9.1.jar:/Users/ryankenny/.m2/repository/io/opentelemetry/opentelemetry-sdk-baggage/0.9.1/opentelemetry-sdk-baggage-0.9.1.jar:/Users/ryankenny/.m2/repository/io/opentelemetry/opentelemetry-sdk-metrics/0.9.1/opentelemetry-sdk-metrics-0.9.1.jar:/Users/ryankenny/.m2/repository/io/opentelemetry/opentelemetry-sdk-tracing/0.9.1/opentelemetry-sdk-tracing-0.9.1.jar:/Users/ryankenny/.m2/repository/io/projectreactor/netty/reactor-netty-http/1.0.0/reactor-netty-http-1.0.0.jar:/Users/ryankenny/.m2/repository/io/netty/netty-codec-http2/4.1.53.Final/netty-codec-http2-4.1.53.Final.jar:/Users/ryankenny/.m2/repository/io/netty/netty-resolver-dns/4.1.53.Final/netty-resolver-dns-4.1.53.Final.jar:/Users/ryankenny/.m2/repository/io/netty/netty-codec-dns/4.1.53.Final/netty-codec-dns-4.1.53.Final.jar:/Users/ryankenny/.m2/repository/io/projectreactor/netty/reactor-netty-core/1.0.0/reactor-netty-core-1.0.0.jar:/Users/ryankenny/.m2/repository/io/projectreactor/netty/reactor-netty/1.0.0/reactor-netty-1.0.0.jar:/Users/ryankenny/.m2/repository/io/projectreactor/netty/reactor-netty-http-brave/1.0.0/reactor-netty-http-brave-1.0.0.jar:/Users/ryankenny/.m2/repository/io/zipkin/brave/brave-instrumentation-http/5.12.7/brave-instrumentation-http-5.12.7.jar:/Users/ryankenny/.m2/repository/io/zipkin/brave/brave/5.12.7/brave-5.12.7.jar:/Users/ryankenny/.m2/repository/io/zipkin/reporter2/zipkin-reporter-brave/2.15.2/zipkin-reporter-brave-2.15.2.jar:/Users/ryankenny/.m2/repository/io/zipkin/reporter2/zipkin-reporter/2.15.2/zipkin-reporter-2.15.2.jar:/Users/ryankenny/.m2/repository/io/zipkin/zipkin2/zipkin/2.21.7/zipkin-2.21.7.jar:/Users/ryankenny/.m2/repository/io/projectreactor/reactor-core/3.4.0/reactor-core-3.4.0.jar:/Users/ryankenny/.m2/repository/net/bytebuddy/byte-buddy/1.10.18/byte-buddy-1.10.18.jar:/Users/ryankenny/.m2/repository/org/apache/commons/commons-exec/1.3/commons-exec-1.3.jar:/Users/ryankenny/.m2/repository/org/asynchttpclient/async-http-client/2.12.1/async-http-client-2.12.1.jar:/Users/ryankenny/.m2/repository/org/asynchttpclient/async-http-client-netty-utils/2.12.1/async-http-client-netty-utils-2.12.1.jar:/Users/ryankenny/.m2/repository/io/netty/netty-codec-socks/4.1.48.Final/netty-codec-socks-4.1.48.Final.jar:/Users/ryankenny/.m2/repository/io/netty/netty-handler-proxy/4.1.48.Final/netty-handler-proxy-4.1.48.Final.jar:/Users/ryankenny/.m2/repository/org/slf4j/slf4j-api/1.7.30/slf4j-api-1.7.30.jar:/Users/ryankenny/.m2/repository/com/sun/activation/javax.activation/1.2.0/javax.activation-1.2.0.jar:/Users/ryankenny/.m2/repository/org/seleniumhq/selenium/selenium-safari-driver/4.0.0-alpha-7/selenium-safari-driver-4.0.0-alpha-7.jar:/Users/ryankenny/.m2/repository/org/seleniumhq/selenium/selenium-support/4.0.0-alpha-7/selenium-support-4.0.0-alpha-7.jar:/Users/ryankenny/.m2/repository/io/cucumber/cucumber-java/6.8.2/cucumber-java-6.8.2.jar:/Users/ryankenny/.m2/repository/io/cucumber/cucumber-core/6.8.2/cucumber-core-6.8.2.jar:/Users/ryankenny/.m2/repository/io/cucumber/cucumber-gherkin/6.8.2/cucumber-gherkin-6.8.2.jar:/Users/ryankenny/.m2/repository/io/cucumber/cucumber-gherkin-messages/6.8.2/cucumber-gherkin-messages-6.8.2.jar:/Users/ryankenny/.m2/repository/io/cucumber/messages/13.1.0/messages-13.1.0.jar:/Users/ryankenny/.m2/repository/io/cucumber/tag-expressions/3.0.0/tag-expressions-3.0.0.jar:/Users/ryankenny/.m2/repository/io/cucumber/cucumber-expressions/10.3.0/cucumber-expressions-10.3.0.jar:/Users/ryankenny/.m2/repository/io/cucumber/datatable/3.5.0/datatable-3.5.0.jar:/Users/ryankenny/.m2/repository/io/cucumber/cucumber-plugin/6.8.2/cucumber-plugin-6.8.2.jar:/Users/ryankenny/.m2/repository/io/cucumber/docstring/6.8.2/docstring-6.8.2.jar:/Users/ryankenny/.m2/repository/io/cucumber/html-formatter/9.0.0/html-formatter-9.0.0.jar:/Users/ryankenny/.m2/repository/io/cucumber/create-meta/2.0.4/create-meta-2.0.4.jar:/Users/ryankenny/.m2/repository/org/apiguardian/apiguardian-api/1.1.0/apiguardian-api-1.1.0.jar:/Users/ryankenny/.m2/repository/io/cucumber/cucumber-jvm-deps/1.0.6/cucumber-jvm-deps-1.0.6.jar:/Users/ryankenny/.m2/repository/io/cucumber/cucumber-junit/6.8.2/cucumber-junit-6.8.2.jar:/Users/ryankenny/.m2/repository/com/google/code/gson/gson/2.8.6/gson-2.8.6.jar:/Users/ryankenny/.m2/repository/io/cucumber/cucumber-picocontainer/6.8.2/cucumber-picocontainer-6.8.2.jar:/Users/ryankenny/.m2/repository/org/picocontainer/picocontainer/2.15/picocontainer-2.15.jar:"/>
    <property name="sun.cpu.endian" value="little"/>
    <property name="user.home" value="/Users/ryankenny"/>
    <property name="user.language" value="en"/>
    <property name="java.specification.vendor" value="Oracle Corporation"/>
    <property name="java.version.date" value="2020-10-20"/>
    <property name="java.home" value="/usr/local/Cellar/openjdk/15.0.1/libexec/openjdk.jdk/Contents/Home"/>
    <property name="file.separator" value="/"/>
    <property name="basedir" value="/Users/ryankenny/Documents/AutomationFrameworks/CucumberFramework"/>
    <property name="java.vm.compressedOopsMode" value="Zero based"/>
    <property name="line.separator" value="&#10;"/>
    <property name="java.specification.name" value="Java Platform API Specification"/>
    <property name="java.vm.specification.vendor" value="Oracle Corporation"/>
    <property name="surefire.real.class.path" value="/Users/ryankenny/Documents/AutomationFrameworks/CucumberFramework/target/surefire/surefirebooter7144053422377619706.jar"/>
    <property name="sun.management.compiler" value="HotSpot 64-Bit Tiered Compilers"/>
    <property name="ftp.nonProxyHosts" value="local|*.local|169.254/16|*.169.254/16"/>
    <property name="java.runtime.version" value="15.0.1+9"/>
    <property name="user.name" value="ryankenny"/>
    <property name="path.separator" value=":"/>
    <property name="os.version" value="10.15.7"/>
    <property name="java.runtime.name" value="OpenJDK Runtime Environment"/>
    <property name="file.encoding" value="UTF-8"/>
    <property name="java.vm.name" value="OpenJDK 64-Bit Server VM"/>
    <property name="localRepository" value="/Users/ryankenny/.m2/repository"/>
    <property name="java.vendor.url.bug" value="https://bugreport.java.com/bugreport/"/>
    <property name="java.io.tmpdir" value="/var/folders/d3/cmpnv52x08g35x3pjcg2svz40000gn/T/"/>
    <property name="java.version" value="15.0.1"/>
    <property name="user.dir" value="/Users/ryankenny/Documents/AutomationFrameworks/CucumberFramework"/>
    <property name="os.arch" value="x86_64"/>
    <property name="java.vm.specification.name" value="Java Virtual Machine Specification"/>
    <property name="java.library.path" value="/Users/ryankenny/Library/Java/Extensions:/Library/Java/Extensions:/Network/Library/Java/Extensions:/System/Library/Java/Extensions:/usr/lib/java:."/>
    <property name="java.vm.info" value="mixed mode, sharing"/>
    <property name="java.vendor" value="N/A"/>
    <property name="java.vm.version" value="15.0.1+9"/>
    <property name="sun.io.unicode.encoding" value="UnicodeBig"/>
    <property name="socksNonProxyHosts" value="local|*.local|169.254/16|*.169.254/16"/>
    <property name="java.class.version" value="59.0"/>
  </properties>
  <testcase name="Navigating to duck duck go and search for the gov.uk website" classname="Duckduckgo automated test" time="4.95"/>
  <testcase name="Navigating to selenium easy and testing form input page" classname="Selenium easy form test" time="4.52"/>
</testsuite>